    Checking frontend v0.1.0 (/home/icarus/jakewray.ca/frontend)
warning: fields `id` and `excerpt` are never read
  --> migration/src/main.rs:8:5
   |
 7 | struct WpPost {
   |        ------ fields in this struct
 8 |     id: i64,
   |     ^^
...
13 |     excerpt: WpContent,
   |     ^^^^^^^
   |
   = note: `WpPost` has a derived impl for the trait `Debug`, but this is intentionally ignored during dead code analysis
   = note: `#[warn(dead_code)]` (part of `#[warn(unused)]`) on by default

warning: field `excerpt` is never read
  --> migration/src/bin/sync.rs:13:5
   |
 7 | struct WpPost {
   |        ------ field in this struct
...
13 |     excerpt: WpContent,
   |     ^^^^^^^
   |
   = note: `WpPost` has a derived impl for the trait `Debug`, but this is intentionally ignored during dead code analysis
   = note: `#[warn(dead_code)]` (part of `#[warn(unused)]`) on by default

warning: `migration_tool` (bin "migration_tool") generated 1 warning
warning: `migration_tool` (bin "sync") generated 1 warning
error[E0425]: cannot find value `LayoutFooter` in this scope
 --> frontend/src/components/footer.rs:8:10
  |
8 |         <LayoutFooter class="py-12 bg-gray-50 border-t border-gray-200 mt-24 text-center">
  |          ^^^^^^^^^^^^ help: a function with a similar name exists: `LayoutHeader`
  |
 ::: /home/icarus/.cargo/registry/src/index.crates.io-1949cf8c6b5b557f/thaw-0.4.8/src/layout/layout_header.rs:4:1
  |
4 | #[component]
  | ------------ similarly named function `LayoutHeader` defined here

warning: unused import: `leptos::*`
 --> frontend/src/lib.rs:1:5
  |
1 | use leptos::*; use leptos::prelude::*;
  |     ^^^^^^^^^
  |
  = note: `#[warn(unused_imports)]` (part of `#[warn(unused)]`) on by default

warning: unused import: `leptos::prelude::*`
 --> frontend/src/lib.rs:1:20
  |
1 | use leptos::*; use leptos::prelude::*;
  |                    ^^^^^^^^^^^^^^^^^^

warning: unused import: `leptos_router::hooks::*`
  --> frontend/src/app.rs:15:5
   |
15 | use leptos_router::hooks::*;
   |     ^^^^^^^^^^^^^^^^^^^^^^^

warning: unused import: `leptos::*`
 --> frontend/src/pages/admin/composer.rs:2:5
  |
2 | use leptos::*;
  |     ^^^^^^^^^

warning: unused import: `leptos::*`
 --> frontend/src/pages/admin/sync_manager.rs:2:5
  |
2 | use leptos::*;
  |     ^^^^^^^^^

warning: unused import: `leptos::*`
 --> frontend/src/components/navbar.rs:2:5
  |
2 | use leptos::*;
  |     ^^^^^^^^^

warning: unused import: `leptos::*`
 --> frontend/src/components/footer.rs:2:5
  |
2 | use leptos::*;
  |     ^^^^^^^^^

warning: unused import: `thaw::*`
 --> frontend/src/components/footer.rs:3:5
  |
3 | use thaw::*;
  |     ^^^^^^^

error[E0560]: struct `thaw::CommonTheme` has no field named `border_radius`
  --> frontend/src/app.rs:26:13
   |
26 |             border_radius: "12px".to_string(),
   |             ^^^^^^^^^^^^^ `thaw::CommonTheme` does not have this field
   |
   = note: available fields are: `font_family_base`, `font_family_monospace`, `font_family_numeric`, `font_size_base_100`, `font_size_base_200` ... and 48 others

error[E0599]: no function or associated item named `default` found for struct `thaw::CommonTheme` in the current scope
  --> frontend/src/app.rs:30:28
   |
30 |             ..CommonTheme::default()
   |                            ^^^^^^^ function or associated item not found in `thaw::CommonTheme`
   |
note: if you're trying to build a new `thaw::CommonTheme`, consider using `thaw::CommonTheme::new` which returns `thaw::CommonTheme`
  --> /home/icarus/.cargo/registry/src/index.crates.io-1949cf8c6b5b557f/thaw-0.4.8/src/theme/common.rs:71:5
   |
71 |     pub fn new() -> Self {
   |     ^^^^^^^^^^^^^^^^^^^^

error[E0599]: no function or associated item named `default` found for struct `thaw::Theme` in the current scope
  --> frontend/src/app.rs:32:18
   |
32 |         ..Theme::default()
   |                  ^^^^^^^ function or associated item not found in `thaw::Theme`
   |
note: if you're trying to build a new `thaw::Theme` consider using one of the following associated functions:
      thaw::Theme::custom_light
      thaw::Theme::custom_dark
      thaw::Theme::light
      thaw::Theme::dark
  --> /home/icarus/.cargo/registry/src/index.crates.io-1949cf8c6b5b557f/thaw-0.4.8/src/theme/mod.rs:19:5
   |
19 |     pub fn custom_light(brand_colors: &HashMap<i32, &str>) -> Self {
   |     ^^^^^^^^^^^^^^^^^^^^^^^^^^^^^^^^^^^^^^^^^^^^^^^^^^^^^^^^^^^^^^
...
26 |     pub fn custom_dark(brand_colors: &HashMap<i32, &str>) -> Self {
   |     ^^^^^^^^^^^^^^^^^^^^^^^^^^^^^^^^^^^^^^^^^^^^^^^^^^^^^^^^^^^^^
...
34 |     pub fn light() -> Self {
   |     ^^^^^^^^^^^^^^^^^^^^^^
...
41 |     pub fn dark() -> Self {
   |     ^^^^^^^^^^^^^^^^^^^^^

error[E0277]: the trait bound `RwSignal<thaw::Theme>: From<thaw::Theme>` is not satisfied
  --> frontend/src/app.rs:35:5
   |
35 | /     view! {
36 | |         <html lang="en">
37 | |         <head>
38 | |             <Title text="Jake Wray"/>
...  |
45 | |             <ConfigProvider theme=theme>
   | |                             ----- ----- this tail expression is of type `Theme`
   | |                             |
   | |                             required by a bound introduced by this call
...  |
77 | |         </html>
78 | |     }
   | |_____^ the trait `From<thaw::Theme>` is not implemented for `RwSignal<thaw::Theme>`
   |
   = help: the following other types implement trait `From<T>`:
             `RwSignal<T>` implements `From<&ArcRwSignal<T>>`
             `RwSignal<T>` implements `From<ArcRwSignal<T>>`
   = note: required for `thaw::Theme` to implement `Into<RwSignal<thaw::Theme>>`
note: required by a bound in `ConfigProviderPropsBuilder::<(__class, (), __theme_id, __dir, __children)>::theme`
  --> /home/icarus/.cargo/registry/src/index.crates.io-1949cf8c6b5b557f/thaw-0.4.8/src/config_provider/mod.rs:5:1
   |
 5 | #[component]
   | ^^^^^^^^^^^^ required by this bound in `ConfigProviderPropsBuilder::<(__class, (), __theme_id, __dir, __children)>::theme`
...
10 |     theme: Option<RwSignal<Theme>>,
   |     ----- required by a bound in this associated function
   = note: this error originates in the derive macro `::leptos::typed_builder_macro::TypedBuilder` (in Nightly builds, run with -Z macro-backtrace for more info)

error[E0599]: no method named `title` found for struct `CardPropsBuilder<TypedBuilderFields>` in the current scope
   --> frontend/src/app.rs:104:27
    |
 93 | /     view! {
 94 | |         <div class="container py-12">
 95 | |             <header class="text-center mb-16">
 96 | |                 <h1 class="text-6xl mb-6 font-heading">"Jake Wray"</h1>
...   |
103 | |                 <GridItem>
104 | |                     <Card title=Some("Latest Articles".into())>
    | |                          -^^^^^ method not found in `CardPropsBuilder`
    | |__________________________|
    |

error[E0599]: no method named `title` found for struct `CardPropsBuilder<TypedBuilderFields>` in the current scope
   --> frontend/src/app.rs:109:27
    |
 93 | /     view! {
 94 | |         <div class="container py-12">
 95 | |             <header class="text-center mb-16">
 96 | |                 <h1 class="text-6xl mb-6 font-heading">"Jake Wray"</h1>
...   |
108 | |                 <GridItem>
109 | |                     <Card title=Some("Recent Projects".into())>
    | |                          -^^^^^ method not found in `CardPropsBuilder`
    | |__________________________|
    |

error[E0599]: no method named `title` found for struct `CardPropsBuilder<TypedBuilderFields>` in the current scope
   --> frontend/src/app.rs:114:27
    |
 93 | /     view! {
 94 | |         <div class="container py-12">
 95 | |             <header class="text-center mb-16">
 96 | |                 <h1 class="text-6xl mb-6 font-heading">"Jake Wray"</h1>
...   |
113 | |                 <GridItem>
114 | |                     <Card title=Some("Visuals".into())>
    | |                          -^^^^^ method not found in `CardPropsBuilder`
    | |__________________________|
    |

error[E0599]: no method named `variant` found for struct `ButtonPropsBuilder<TypedBuilderFields>` in the current scope
  --> frontend/src/components/navbar.rs:15:29
   |
 7 | /     view! {
 8 | |         <LayoutHeader class="p-4 border-b border-gray-200">
 9 | |             <div class="container mx-auto flex flex-col md:flex-row justify-between items-center gap-4">
10 | |                 <a href="/" class="text-2xl font-bold font-heading no-underline text-gray-900">
...  |
14 | |                 <div class="flex gap-2 flex-wrap justify-center">
15 | |                     <Button variant=ButtonVariant::Text on_click=move |_| window().location().set_href("/journalism")>
   | |____________________________-^^^^^^^
   |
help: there is a method `paint` with a similar name
   |
15 -                     <Button variant=ButtonVariant::Text on_click=move |_| window().location().set_href("/journalism")>
15 +                     <Button paint=ButtonVariant::Text on_click=move |_| window().location().set_href("/journalism")>
   |

error[E0433]: failed to resolve: use of undeclared type `ButtonVariant`
  --> frontend/src/components/navbar.rs:15:37
   |
15 |                     <Button variant=ButtonVariant::Text on_click=move |_| window().location().set_href("/journalism")>
   |                                     ^^^^^^^^^^^^^ use of undeclared type `ButtonVariant`

error[E0599]: no method named `variant` found for struct `ButtonPropsBuilder<TypedBuilderFields>` in the current scope
  --> frontend/src/components/navbar.rs:18:29
   |
 7 | /     view! {
 8 | |         <LayoutHeader class="p-4 border-b border-gray-200">
 9 | |             <div class="container mx-auto flex flex-col md:flex-row justify-between items-center gap-4">
10 | |                 <a href="/" class="text-2xl font-bold font-heading no-underline text-gray-900">
...  |
17 | |                     </Button>
18 | |                     <Button variant=ButtonVariant::Text on_click=move |_| window().location().set_href("/personal")>
   | |____________________________-^^^^^^^
   |
help: there is a method `paint` with a similar name
   |
18 -                     <Button variant=ButtonVariant::Text on_click=move |_| window().location().set_href("/personal")>
18 +                     <Button paint=ButtonVariant::Text on_click=move |_| window().location().set_href("/personal")>
   |

error[E0433]: failed to resolve: use of undeclared type `ButtonVariant`
  --> frontend/src/components/navbar.rs:18:37
   |
18 |                     <Button variant=ButtonVariant::Text on_click=move |_| window().location().set_href("/personal")>
   |                                     ^^^^^^^^^^^^^ use of undeclared type `ButtonVariant`

error[E0599]: no method named `variant` found for struct `ButtonPropsBuilder<TypedBuilderFields>` in the current scope
  --> frontend/src/components/navbar.rs:21:29
   |
 7 | /     view! {
 8 | |         <LayoutHeader class="p-4 border-b border-gray-200">
 9 | |             <div class="container mx-auto flex flex-col md:flex-row justify-between items-center gap-4">
10 | |                 <a href="/" class="text-2xl font-bold font-heading no-underline text-gray-900">
...  |
20 | |                     </Button>
21 | |                     <Button variant=ButtonVariant::Text on_click=move |_| window().location().set_href("/creative-writing")>
   | |____________________________-^^^^^^^
   |
help: there is a method `paint` with a similar name
   |
21 -                     <Button variant=ButtonVariant::Text on_click=move |_| window().location().set_href("/creative-writing")>
21 +                     <Button paint=ButtonVariant::Text on_click=move |_| window().location().set_href("/creative-writing")>
   |

error[E0433]: failed to resolve: use of undeclared type `ButtonVariant`
  --> frontend/src/components/navbar.rs:21:37
   |
21 |                     <Button variant=ButtonVariant::Text on_click=move |_| window().location().set_href("/creative-writing")>
   |                                     ^^^^^^^^^^^^^ use of undeclared type `ButtonVariant`

error[E0599]: no method named `variant` found for struct `ButtonPropsBuilder<TypedBuilderFields>` in the current scope
  --> frontend/src/components/navbar.rs:24:29
   |
 7 | /     view! {
 8 | |         <LayoutHeader class="p-4 border-b border-gray-200">
 9 | |             <div class="container mx-auto flex flex-col md:flex-row justify-between items-center gap-4">
10 | |                 <a href="/" class="text-2xl font-bold font-heading no-underline text-gray-900">
...  |
23 | |                     </Button>
24 | |                     <Button variant=ButtonVariant::Text on_click=move |_| window().location().set_href("/music")>
   | |____________________________-^^^^^^^
   |
help: there is a method `paint` with a similar name
   |
24 -                     <Button variant=ButtonVariant::Text on_click=move |_| window().location().set_href("/music")>
24 +                     <Button paint=ButtonVariant::Text on_click=move |_| window().location().set_href("/music")>
   |

error[E0433]: failed to resolve: use of undeclared type `ButtonVariant`
  --> frontend/src/components/navbar.rs:24:37
   |
24 |                     <Button variant=ButtonVariant::Text on_click=move |_| window().location().set_href("/music")>
   |                                     ^^^^^^^^^^^^^ use of undeclared type `ButtonVariant`

error[E0599]: no method named `variant` found for struct `ButtonPropsBuilder<TypedBuilderFields>` in the current scope
  --> frontend/src/components/navbar.rs:27:29
   |
 7 | /     view! {
 8 | |         <LayoutHeader class="p-4 border-b border-gray-200">
 9 | |             <div class="container mx-auto flex flex-col md:flex-row justify-between items-center gap-4">
10 | |                 <a href="/" class="text-2xl font-bold font-heading no-underline text-gray-900">
...  |
26 | |                     </Button>
27 | |                     <Button variant=ButtonVariant::Text on_click=move |_| window().location().set_href("/visual-art")>
   | |____________________________-^^^^^^^
   |
help: there is a method `paint` with a similar name
   |
27 -                     <Button variant=ButtonVariant::Text on_click=move |_| window().location().set_href("/visual-art")>
27 +                     <Button paint=ButtonVariant::Text on_click=move |_| window().location().set_href("/visual-art")>
   |

error[E0433]: failed to resolve: use of undeclared type `ButtonVariant`
  --> frontend/src/components/navbar.rs:27:37
   |
27 |                     <Button variant=ButtonVariant::Text on_click=move |_| window().location().set_href("/visual-art")>
   |                                     ^^^^^^^^^^^^^ use of undeclared type `ButtonVariant`

error[E0599]: no method named `variant` found for struct `ButtonPropsBuilder<TypedBuilderFields>` in the current scope
  --> frontend/src/components/navbar.rs:30:29
   |
 7 | /     view! {
 8 | |         <LayoutHeader class="p-4 border-b border-gray-200">
 9 | |             <div class="container mx-auto flex flex-col md:flex-row justify-between items-center gap-4">
10 | |                 <a href="/" class="text-2xl font-bold font-heading no-underline text-gray-900">
...  |
29 | |                     </Button>
30 | |                     <Button variant=ButtonVariant::Text on_click=move |_| window().location().set_href("/programming")>
   | |____________________________-^^^^^^^
   |
help: there is a method `paint` with a similar name
   |
30 -                     <Button variant=ButtonVariant::Text on_click=move |_| window().location().set_href("/programming")>
30 +                     <Button paint=ButtonVariant::Text on_click=move |_| window().location().set_href("/programming")>
   |

error[E0433]: failed to resolve: use of undeclared type `ButtonVariant`
  --> frontend/src/components/navbar.rs:30:37
   |
30 |                     <Button variant=ButtonVariant::Text on_click=move |_| window().location().set_href("/programming")>
   |                                     ^^^^^^^^^^^^^ use of undeclared type `ButtonVariant`

error[E0599]: no method named `variant` found for struct `ButtonPropsBuilder<TypedBuilderFields>` in the current scope
  --> frontend/src/components/navbar.rs:34:29
   |
 7 | /     view! {
 8 | |         <LayoutHeader class="p-4 border-b border-gray-200">
 9 | |             <div class="container mx-auto flex flex-col md:flex-row justify-between items-center gap-4">
10 | |                 <a href="/" class="text-2xl font-bold font-heading no-underline text-gray-900">
...  |
33 | |                     <div class="w-px h-6 bg-gray-300 mx-2 hidden md:block"></div>
34 | |                     <Button variant=ButtonVariant::Primary on_click=move |_| window().location().set_href("/about")>
   | |____________________________-^^^^^^^
   |
help: there is a method `paint` with a similar name
   |
34 -                     <Button variant=ButtonVariant::Primary on_click=move |_| window().location().set_href("/about")>
34 +                     <Button paint=ButtonVariant::Primary on_click=move |_| window().location().set_href("/about")>
   |

error[E0433]: failed to resolve: use of undeclared type `ButtonVariant`
  --> frontend/src/components/navbar.rs:34:37
   |
34 |                     <Button variant=ButtonVariant::Primary on_click=move |_| window().location().set_href("/about")>
   |                                     ^^^^^^^^^^^^^ use of undeclared type `ButtonVariant`

error[E0282]: type annotations needed
  --> frontend/src/components/footer.rs:7:5
   |
 7 | /     view! {
 8 | |         <LayoutFooter class="py-12 bg-gray-50 border-t border-gray-200 mt-24 text-center">
 9 | |             <div class="container text-muted text-sm">
10 | |                 <p>"Â© 2026 Jake Wray. All rights reserved."</p>
...  |
16 | |         </LayoutFooter>
17 | |     }
   | |_____^ cannot infer type
   |
   = note: this error originates in the macro `view` (in Nightly builds, run with -Z macro-backtrace for more info)

warning: unused variable: `password`
 --> frontend/src/pages/admin/login.rs:8:10
  |
8 |     let (password, set_password) = signal("".to_string());
  |          ^^^^^^^^ help: if this is intentional, prefix it with an underscore: `_password`
  |
  = note: `#[warn(unused_variables)]` (part of `#[warn(unused)]`) on by default

Some errors have detailed explanations: E0277, E0282, E0425, E0433, E0560, E0599.
For more information about an error, try `rustc --explain E0277`.
warning: `frontend` (lib) generated 9 warnings
error: could not compile `frontend` (lib) due to 23 previous errors; 9 warnings emitted
